<?xml version="1.0" encoding="UTF-8"?>
<testsuite name="com.qa.shopkick.tests.LaunchTest" time="6.242" tests="1" errors="1" skipped="0" failures="0">
  <properties>
[...]
</properties>
  <testcase name="RegistrationFlow" classname="com.qa.shopkick.tests.LaunchTest" time="6.242">
    <error message="Cann&apos;t locate an element by this strategy: By.AndroidUIAutomator: new UiSelector().resourceId(&quot;com.shopkick.app:id/button_text&quot;).text(&quot;NEXT&quot;)&#10;For documentation on this error, please visit: http://seleniumhq.org/exceptions/no_such_element.html&#10;Build info: version: &apos;2.44.0&apos;, revision: &apos;76d78cf323ce037c5f92db6c1bba601c2ac43ad8&apos;, time: &apos;2014-10-23 13:11:40&apos;&#10;System info: host: &apos;Srikanths-MacBook-Pro.local&apos;, ip: &apos;172.16.20.166&apos;, os.name: &apos;Mac OS X&apos;, os.arch: &apos;x86_64&apos;, os.version: &apos;10.10.1&apos;, java.version: &apos;1.7.0_71&apos;&#10;Driver info: driver.version: unknown" type="org.openqa.selenium.NoSuchElementException"><![CDATA[org.openqa.selenium.NoSuchElementException: Cann't locate an element by this strategy: By.AndroidUIAutomator: new UiSelector().resourceId("com.shopkick.app:id/button_text").text("NEXT")
For documentation on this error, please visit: http://seleniumhq.org/exceptions/no_such_element.html
Build info: version: '2.44.0', revision: '76d78cf323ce037c5f92db6c1bba601c2ac43ad8', time: '2014-10-23 13:11:40'
System info: host: 'Srikanths-MacBook-Pro.local', ip: '172.16.20.166', os.name: 'Mac OS X', os.arch: 'x86_64', os.version: '10.10.1', java.version: '1.7.0_71'
Driver info: driver.version: unknown
	at io.appium.java_client.pagefactory.AppiumElementLocator.findElement(AppiumElementLocator.java:132)
	at io.appium.java_client.pagefactory.ElementInterceptor.intercept(ElementInterceptor.java:26)
	at org.openqa.selenium.remote.RemoteWebElement$$EnhancerByCGLIB$$99ced3de.click(<generated>)
	at com.qa.shopkick.pages.RewardsPickerPage.clickNextButton(RewardsPickerPage.java:20)
	at com.qa.shopkick.tests.LaunchTest.RegistrationFlow(LaunchTest.java:23)
]]></error>
  </testcase>
</testsuite>